<?xml version="1.0" encoding="UTF-8"?>
<!-- Generated by org.testng.reporters.JUnitXMLReporter -->
<testsuite ignored="0" hostname="DESKTOP-4SJACL6" failures="0" tests="6" name="Test" time="79.092" errors="0" timestamp="2024-10-18T19:39:13 EDT">
  <testcase classname="com.orangehrm.PageTests.AccountLoginPageTest" name="validateLoginFunctionality" time="0.872"/>
  <testcase classname="com.orangehrm.PageTests.AddEmployeePageTest" name="validateLoginFunctionality" time="5.428"/>
  <testcase classname="com.orangehrm.PageTests.DashboardPageTest" name="validateLoginAndAssignLeave" time="35.034"/>
  <testcase classname="com.orangehrm.PageTests.EmployeeListPageTest" name="validateLoginFunctionality" time="4.102"/>
  <testcase classname="com.orangehrm.PageTests.ViewPersonalDetailsPageTest" name="validateLoginAndAdmin" time="4.668"/>
  <testcase classname="com.orangehrm.PageTests.ViewSystemUsersPageTest" name="validateLoginAndAdmin" time="3.63"/>
</testsuite> <!-- Test -->
