<?xml version="1.0" encoding="UTF-8"?>
<testng-results ignored="0" total="6" passed="6" failed="0" skipped="0">
  <reporter-output>
  </reporter-output>
  <suite started-at="2024-10-18T19:37:53 EDT" name="Suite" finished-at="2024-10-18T19:39:13 EDT" duration-ms="79092">
    <groups>
    </groups>
    <test started-at="2024-10-18T19:37:53 EDT" name="Test" finished-at="2024-10-18T19:39:13 EDT" duration-ms="79092">
      <class name="com.orangehrm.PageTests.AccountLoginPageTest">
        <test-method is-config="true" signature="setUpLogger()[pri:0, instance:com.orangehrm.PageTests.AccountLoginPageTest@48075da3]" started-at="2024-10-18T19:37:54 EDT" name="setUpLogger" finished-at="2024-10-18T19:37:54 EDT" duration-ms="70" status="PASS">
          <reporter-output>
          </reporter-output>
        </test-method> <!-- setUpLogger -->
        <test-method is-config="true" signature="setup()[pri:0, instance:com.orangehrm.PageTests.AccountLoginPageTest@48075da3]" started-at="2024-10-18T19:37:54 EDT" name="setup" finished-at="2024-10-18T19:38:04 EDT" duration-ms="9853" status="PASS">
          <reporter-output>
          </reporter-output>
        </test-method> <!-- setup -->
        <test-method signature="validateLoginFunctionality()[pri:0, instance:com.orangehrm.PageTests.AccountLoginPageTest@48075da3]" started-at="2024-10-18T19:38:04 EDT" name="validateLoginFunctionality" finished-at="2024-10-18T19:38:05 EDT" duration-ms="872" status="PASS">
          <reporter-output>
          </reporter-output>
        </test-method> <!-- validateLoginFunctionality -->
        <test-method is-config="true" signature="closeBrowser()[pri:0, instance:com.orangehrm.PageTests.AccountLoginPageTest@48075da3]" started-at="2024-10-18T19:38:05 EDT" name="closeBrowser" finished-at="2024-10-18T19:38:05 EDT" duration-ms="307" status="PASS">
          <reporter-output>
          </reporter-output>
        </test-method> <!-- closeBrowser -->
      </class> <!-- com.orangehrm.PageTests.AccountLoginPageTest -->
      <class name="com.orangehrm.PageTests.ViewSystemUsersPageTest">
        <test-method is-config="true" signature="setUpLogger()[pri:0, instance:com.orangehrm.PageTests.ViewSystemUsersPageTest@1a75e76a]" started-at="2024-10-18T19:39:06 EDT" name="setUpLogger" finished-at="2024-10-18T19:39:06 EDT" duration-ms="3" status="PASS">
          <reporter-output>
          </reporter-output>
        </test-method> <!-- setUpLogger -->
        <test-method is-config="true" signature="setup()[pri:0, instance:com.orangehrm.PageTests.ViewSystemUsersPageTest@1a75e76a]" started-at="2024-10-18T19:39:06 EDT" name="setup" finished-at="2024-10-18T19:39:09 EDT" duration-ms="2239" status="PASS">
          <reporter-output>
          </reporter-output>
        </test-method> <!-- setup -->
        <test-method signature="validateLoginAndAdmin()[pri:0, instance:com.orangehrm.PageTests.ViewSystemUsersPageTest@1a75e76a]" started-at="2024-10-18T19:39:09 EDT" name="validateLoginAndAdmin" finished-at="2024-10-18T19:39:12 EDT" duration-ms="3630" status="PASS">
          <reporter-output>
          </reporter-output>
        </test-method> <!-- validateLoginAndAdmin -->
        <test-method is-config="true" signature="closeBrowser()[pri:0, instance:com.orangehrm.PageTests.ViewSystemUsersPageTest@1a75e76a]" started-at="2024-10-18T19:39:12 EDT" name="closeBrowser" finished-at="2024-10-18T19:39:13 EDT" duration-ms="298" status="PASS">
          <reporter-output>
          </reporter-output>
        </test-method> <!-- closeBrowser -->
      </class> <!-- com.orangehrm.PageTests.ViewSystemUsersPageTest -->
      <class name="com.orangehrm.PageTests.AddEmployeePageTest">
        <test-method is-config="true" signature="setUpLogger()[pri:0, instance:com.orangehrm.PageTests.AddEmployeePageTest@413d1baf]" started-at="2024-10-18T19:38:05 EDT" name="setUpLogger" finished-at="2024-10-18T19:38:05 EDT" duration-ms="3" status="PASS">
          <reporter-output>
          </reporter-output>
        </test-method> <!-- setUpLogger -->
        <test-method is-config="true" signature="setup()[pri:0, instance:com.orangehrm.PageTests.AddEmployeePageTest@413d1baf]" started-at="2024-10-18T19:38:05 EDT" name="setup" finished-at="2024-10-18T19:38:08 EDT" duration-ms="2678" status="PASS">
          <reporter-output>
          </reporter-output>
        </test-method> <!-- setup -->
        <test-method signature="validateLoginFunctionality()[pri:0, instance:com.orangehrm.PageTests.AddEmployeePageTest@413d1baf]" started-at="2024-10-18T19:38:08 EDT" name="validateLoginFunctionality" finished-at="2024-10-18T19:38:13 EDT" duration-ms="5428" status="PASS">
          <reporter-output>
          </reporter-output>
        </test-method> <!-- validateLoginFunctionality -->
        <test-method is-config="true" signature="closeBrowser()[pri:0, instance:com.orangehrm.PageTests.AddEmployeePageTest@413d1baf]" started-at="2024-10-18T19:38:13 EDT" name="closeBrowser" finished-at="2024-10-18T19:38:14 EDT" duration-ms="539" status="PASS">
          <reporter-output>
          </reporter-output>
        </test-method> <!-- closeBrowser -->
      </class> <!-- com.orangehrm.PageTests.AddEmployeePageTest -->
      <class name="com.orangehrm.PageTests.DashboardPageTest">
        <test-method is-config="true" signature="setUpLogger()[pri:0, instance:com.orangehrm.PageTests.DashboardPageTest@16eb3ea3]" started-at="2024-10-18T19:38:14 EDT" name="setUpLogger" finished-at="2024-10-18T19:38:14 EDT" duration-ms="8" status="PASS">
          <reporter-output>
          </reporter-output>
        </test-method> <!-- setUpLogger -->
        <test-method is-config="true" signature="setup()[pri:0, instance:com.orangehrm.PageTests.DashboardPageTest@16eb3ea3]" started-at="2024-10-18T19:38:14 EDT" name="setup" finished-at="2024-10-18T19:38:16 EDT" duration-ms="2567" status="PASS">
          <reporter-output>
          </reporter-output>
        </test-method> <!-- setup -->
        <test-method signature="validateLoginAndAssignLeave()[pri:0, instance:com.orangehrm.PageTests.DashboardPageTest@16eb3ea3]" started-at="2024-10-18T19:38:16 EDT" name="validateLoginAndAssignLeave" finished-at="2024-10-18T19:38:51 EDT" duration-ms="35034" status="PASS">
          <reporter-output>
          </reporter-output>
        </test-method> <!-- validateLoginAndAssignLeave -->
        <test-method is-config="true" signature="closeBrowser()[pri:0, instance:com.orangehrm.PageTests.DashboardPageTest@16eb3ea3]" started-at="2024-10-18T19:38:51 EDT" name="closeBrowser" finished-at="2024-10-18T19:38:52 EDT" duration-ms="435" status="PASS">
          <reporter-output>
          </reporter-output>
        </test-method> <!-- closeBrowser -->
      </class> <!-- com.orangehrm.PageTests.DashboardPageTest -->
      <class name="com.orangehrm.PageTests.EmployeeListPageTest">
        <test-method is-config="true" signature="setUpLogger()[pri:0, instance:com.orangehrm.PageTests.EmployeeListPageTest@273444fe]" started-at="2024-10-18T19:38:52 EDT" name="setUpLogger" finished-at="2024-10-18T19:38:52 EDT" duration-ms="2" status="PASS">
          <reporter-output>
          </reporter-output>
        </test-method> <!-- setUpLogger -->
        <test-method is-config="true" signature="setup()[pri:0, instance:com.orangehrm.PageTests.EmployeeListPageTest@273444fe]" started-at="2024-10-18T19:38:52 EDT" name="setup" finished-at="2024-10-18T19:38:54 EDT" duration-ms="2599" status="PASS">
          <reporter-output>
          </reporter-output>
        </test-method> <!-- setup -->
        <test-method signature="validateLoginFunctionality()[pri:0, instance:com.orangehrm.PageTests.EmployeeListPageTest@273444fe]" started-at="2024-10-18T19:38:54 EDT" name="validateLoginFunctionality" finished-at="2024-10-18T19:38:58 EDT" duration-ms="4102" status="PASS">
          <reporter-output>
          </reporter-output>
        </test-method> <!-- validateLoginFunctionality -->
        <test-method is-config="true" signature="closeBrowser()[pri:0, instance:com.orangehrm.PageTests.EmployeeListPageTest@273444fe]" started-at="2024-10-18T19:38:58 EDT" name="closeBrowser" finished-at="2024-10-18T19:38:59 EDT" duration-ms="350" status="PASS">
          <reporter-output>
          </reporter-output>
        </test-method> <!-- closeBrowser -->
      </class> <!-- com.orangehrm.PageTests.EmployeeListPageTest -->
      <class name="com.orangehrm.PageTests.ViewPersonalDetailsPageTest">
        <test-method is-config="true" signature="setUpLogger()[pri:0, instance:com.orangehrm.PageTests.ViewPersonalDetailsPageTest@33bc72d1]" started-at="2024-10-18T19:38:59 EDT" name="setUpLogger" finished-at="2024-10-18T19:38:59 EDT" duration-ms="5" status="PASS">
          <reporter-output>
          </reporter-output>
        </test-method> <!-- setUpLogger -->
        <test-method is-config="true" signature="setup()[pri:0, instance:com.orangehrm.PageTests.ViewPersonalDetailsPageTest@33bc72d1]" started-at="2024-10-18T19:38:59 EDT" name="setup" finished-at="2024-10-18T19:39:01 EDT" duration-ms="2526" status="PASS">
          <reporter-output>
          </reporter-output>
        </test-method> <!-- setup -->
        <test-method signature="validateLoginAndAdmin()[pri:0, instance:com.orangehrm.PageTests.ViewPersonalDetailsPageTest@33bc72d1]" started-at="2024-10-18T19:39:01 EDT" name="validateLoginAndAdmin" finished-at="2024-10-18T19:39:06 EDT" duration-ms="4668" status="PASS">
          <reporter-output>
          </reporter-output>
        </test-method> <!-- validateLoginAndAdmin -->
        <test-method is-config="true" signature="closeBrowser()[pri:0, instance:com.orangehrm.PageTests.ViewPersonalDetailsPageTest@33bc72d1]" started-at="2024-10-18T19:39:06 EDT" name="closeBrowser" finished-at="2024-10-18T19:39:06 EDT" duration-ms="460" status="PASS">
          <reporter-output>
          </reporter-output>
        </test-method> <!-- closeBrowser -->
      </class> <!-- com.orangehrm.PageTests.ViewPersonalDetailsPageTest -->
    </test> <!-- Test -->
  </suite> <!-- Suite -->
</testng-results>
